<?xml version="1.0" encoding="UTF-8"?>
<!-- Generated by org.testng.reporters.JUnitReportReporter -->
<testsuite skipped="0" hostname="vicky-PC" name="com.nc.qa.testCases.CreateCustomerRolesPageTest" tests="1" failures="0" timestamp="2020-06-29T11:19:18 IST" time="58.751" errors="0">
  <testcase name="verifyTheAddCustomerRolesTest" time="58.751" classname="com.nc.qa.testCases.CreateCustomerRolesPageTest"/>
  <system-out/>
</testsuite> <!-- com.nc.qa.testCases.CreateCustomerRolesPageTest -->
