<?xml version="1.0" encoding="UTF-8"?>
<!-- Generated by org.testng.reporters.JUnitReportReporter -->
<testsuite skipped="0" hostname="vicky-PC" name="com.nc.qa.testCases.LoginPageTest" tests="3" failures="0" timestamp="2020-06-25T12:12:35 IST" time="45.744" errors="0">
  <testcase name="validateTheLoginPageURL" time="9.211" classname="com.nc.qa.testCases.LoginPageTest"/>
  <system-out/>
  <testcase name="validateTheLoginPageTitle" time="8.308" classname="com.nc.qa.testCases.LoginPageTest"/>
  <system-out/>
  <testcase name="validateTheLoginFunctionality" time="28.225" classname="com.nc.qa.testCases.LoginPageTest"/>
  <system-out/>
</testsuite> <!-- com.nc.qa.testCases.LoginPageTest -->
