<?xml version="1.0" encoding="UTF-8"?>
<!-- Generated by org.testng.reporters.JUnitReportReporter -->
<testsuite skipped="0" hostname="vicky-PC" name="com.nc.qa.testCases.EditCustomerPageTest" tests="1" failures="0" timestamp="2020-06-25T14:34:51 IST" time="48.237" errors="0">
  <testcase name="editCustomerDetailsTest" time="48.237" classname="com.nc.qa.testCases.EditCustomerPageTest"/>
  <system-out/>
</testsuite> <!-- com.nc.qa.testCases.EditCustomerPageTest -->
