<?xml version="1.0" encoding="UTF-8"?>
<!-- Generated by org.testng.reporters.JUnitReportReporter -->
<testsuite skipped="0" hostname="vicky-PC" name="com.nc.qa.testCases.CreateCustomerPageTest" tests="1" failures="0" timestamp="2020-06-25T14:33:42 IST" time="58.372" errors="0">
  <testcase name="verifyAddNewCustomer" time="58.372" classname="com.nc.qa.testCases.CreateCustomerPageTest"/>
  <system-out/>
</testsuite> <!-- com.nc.qa.testCases.CreateCustomerPageTest -->
