<?xml version="1.0" encoding="UTF-8"?>
<!-- Generated by org.testng.reporters.JUnitReportReporter -->
<testsuite skipped="0" hostname="vicky-PC" name="com.nc.qa.testCases.EditCustomerRolesPageTest" tests="1" failures="0" timestamp="2020-06-29T11:43:54 IST" time="42.326" errors="0">
  <testcase name="verifyEditCustomerRolesTest" time="42.326" classname="com.nc.qa.testCases.EditCustomerRolesPageTest"/>
  <system-out/>
</testsuite> <!-- com.nc.qa.testCases.EditCustomerRolesPageTest -->
