<?xml version="1.0" encoding="UTF-8"?>
<!-- Generated by org.testng.reporters.JUnitReportReporter -->
<testsuite skipped="0" hostname="vicky-PC" name="com.nc.qa.testCases.CreateCustomerPageTest" tests="2" failures="0" timestamp="2020-06-24T13:20:28 IST" time="118.789" errors="0">
  <testcase name="verifyAddNewCustomer" time="59.396" classname="com.nc.qa.testCases.CreateCustomerPageTest"/>
  <system-out/>
  <testcase name="verifyAddNewCustomer" time="59.393" classname="com.nc.qa.testCases.CreateCustomerPageTest"/>
  <system-out/>
</testsuite> <!-- com.nc.qa.testCases.CreateCustomerPageTest -->
