<?xml version="1.0" encoding="UTF-8"?>
<!-- Generated by org.testng.reporters.JUnitReportReporter -->
<testsuite skipped="0" hostname="vicky-PC" name="com.nc.qa.testCases.DeleteCustomerRolesPageTest" tests="1" failures="0" timestamp="2020-06-29T12:44:28 IST" time="81.497" errors="0">
  <testcase name="deleteTheCustomerRoleTest" time="81.497" classname="com.nc.qa.testCases.DeleteCustomerRolesPageTest"/>
  <system-out/>
</testsuite> <!-- com.nc.qa.testCases.DeleteCustomerRolesPageTest -->
