<?xml version="1.0" encoding="UTF-8"?>
<!-- Generated by org.testng.reporters.JUnitReportReporter -->
<testsuite skipped="0" hostname="vicky-PC" name="com.nc.qa.testCases.LoginPageTest" tests="3" failures="0" timestamp="2020-06-24T11:19:56 IST" time="58.467" errors="0">
  <testcase name="validateTheLoginPageURL" time="17.228" classname="com.nc.qa.testCases.LoginPageTest"/>
  <system-out/>
  <testcase name="validateTheLoginPageTitle" time="8.796" classname="com.nc.qa.testCases.LoginPageTest"/>
  <system-out/>
  <testcase name="validateTheLoginFunctionality" time="32.443" classname="com.nc.qa.testCases.LoginPageTest"/>
  <system-out/>
</testsuite> <!-- com.nc.qa.testCases.LoginPageTest -->
