<?xml version="1.0" encoding="UTF-8"?>
<!-- Generated by org.testng.reporters.JUnitReportReporter -->
<testsuite skipped="0" hostname="vicky-PC" name="com.nc.qa.testCases.LoginPageTest" tests="3" failures="0" timestamp="2020-06-24T11:35:29 IST" time="63.471" errors="0">
  <testcase name="validateTheLoginPageURL" time="27.751" classname="com.nc.qa.testCases.LoginPageTest"/>
  <system-out/>
  <testcase name="validateTheLoginPageTitle" time="10.747" classname="com.nc.qa.testCases.LoginPageTest"/>
  <system-out/>
  <testcase name="validateTheLoginFunctionality" time="24.973" classname="com.nc.qa.testCases.LoginPageTest"/>
  <system-out/>
</testsuite> <!-- com.nc.qa.testCases.LoginPageTest -->
