<?xml version="1.0" encoding="UTF-8"?>
<!-- Generated by org.testng.reporters.JUnitReportReporter -->
<testsuite skipped="0" hostname="vicky-PC" name="com.nc.qa.testCases.CreateCustomerPageTest" tests="4" failures="0" timestamp="2020-06-24T11:35:29 IST" time="137.270" errors="0">
  <testcase name="verifyAddNewCustomerPageURL" time="28.196" classname="com.nc.qa.testCases.CreateCustomerPageTest"/>
  <system-out/>
  <testcase name="verifyAddNewCustomerPageTitle" time="34.114" classname="com.nc.qa.testCases.CreateCustomerPageTest"/>
  <system-out/>
  <testcase name="verifyAddNewCustomer" time="35.481" classname="com.nc.qa.testCases.CreateCustomerPageTest"/>
  <system-out/>
  <testcase name="verifyAddNewCustomer" time="39.479" classname="com.nc.qa.testCases.CreateCustomerPageTest"/>
  <system-out/>
</testsuite> <!-- com.nc.qa.testCases.CreateCustomerPageTest -->
