<?xml version="1.0" encoding="UTF-8"?>
<!-- Generated by org.testng.reporters.JUnitReportReporter -->
<testsuite skipped="0" hostname="vicky-PC" name="com.nc.qa.testCases.LoginPageTest" tests="3" failures="0" timestamp="2020-06-24T17:22:50 IST" time="47.884" errors="0">
  <testcase name="validateTheLoginPageURL" time="8.861" classname="com.nc.qa.testCases.LoginPageTest"/>
  <system-out/>
  <testcase name="validateTheLoginPageTitle" time="8.564" classname="com.nc.qa.testCases.LoginPageTest"/>
  <system-out/>
  <testcase name="validateTheLoginFunctionality" time="30.459" classname="com.nc.qa.testCases.LoginPageTest"/>
  <system-out/>
</testsuite> <!-- com.nc.qa.testCases.LoginPageTest -->
